Last login: Thu Jul 24 13:04:43 on ttys003
Administrators-MacBook-Pro:wolves alex$ sudo npm i --save ampersand-rest-collection
Password:
npm WARN package.json wolves@0.0.0 No repository field.
npm WARN package.json wolves@0.0.0 No README data
ampersand-rest-collection@1.1.1 node_modules/ampersand-rest-collection
├── ampersand-collection-underscore-mixin@1.0.0 (underscore@1.6.0)
├── ampersand-collection@1.3.10 (ampersand-class-extend@1.0.0, is-array@1.0.1, backbone-events-standalone@0.2.2, extend-object@1.0.0)
└── ampersand-collection-rest-mixin@2.0.0 (extend-object@1.0.0, ampersand-sync@1.0.3)
Administrators-MacBook-Pro:wolves alex$ npm start
 
> wolves@0.0.0 start /Users/alex/Desktop/ItsAliveTraining/wolves
> node server.js

dev environment detected
wolves running at http://localhost:8080
^CAdministrators-MacBook-Pro:wolves alex$ npm i moment --save
npm WARN package.json wolves@0.0.0 No repository field.
npm WARN package.json wolves@0.0.0 No README data
npm ERR! Error: Attempt to unlock moment, which hasn't been locked
npm ERR!     at unlock (/usr/local/lib/node_modules/npm/lib/utils/locker.js:44:11)
npm ERR!     at cb (/usr/local/lib/node_modules/npm/lib/cache/add-local.js:30:5)
npm ERR!     at /usr/local/lib/node_modules/npm/lib/cache/add-local.js:47:20
npm ERR!     at /usr/local/lib/node_modules/npm/lib/utils/locker.js:30:7
npm ERR!     at /usr/local/lib/node_modules/npm/node_modules/lockfile/lockfile.js:167:38
npm ERR!     at OpenReq.Req.done (/usr/local/lib/node_modules/npm/node_modules/graceful-fs/graceful-fs.js:144:5)
npm ERR!     at OpenReq.done (/usr/local/lib/node_modules/npm/node_modules/graceful-fs/graceful-fs.js:64:22)
npm ERR!     at Object.oncomplete (fs.js:107:15)
npm ERR! If you need help, you may report this *entire* log,
npm ERR! including the npm and node versions, at:
npm ERR!     <http://github.com/npm/npm/issues>

npm ERR! System Darwin 13.3.0
npm ERR! command "/usr/local/bin/node" "/usr/local/bin/npm" "i" "moment" "--save"
npm ERR! cwd /Users/alex/Desktop/ItsAliveTraining/wolves
npm ERR! node -v v0.10.29
npm ERR! npm -v 1.4.14
npm ERR! 
npm ERR! Additional logging details can be found in:
npm ERR!     /Users/alex/Desktop/ItsAliveTraining/wolves/npm-debug.log
npm ERR! not ok code 0
Administrators-MacBook-Pro:wolves alex$ sudo npm i moment --save
Password:
npm WARN package.json wolves@0.0.0 No repository field.
npm WARN package.json wolves@0.0.0 No README data
moment@2.7.0 node_modules/moment
Administrators-MacBook-Pro:wolves alex$ npm start
 
> wolves@0.0.0 start /Users/alex/Desktop/ItsAliveTraining/wolves
> node server.js

dev environment detected
wolves running at http://localhost:8080
^CAdministrators-MacBook-Pro:wolves alex$ 
