Last login: Thu Jul 24 10:35:44 on ttys003
Administrators-MacBook-Pro:wolves alex$ npm i --save getconfig
npm WARN package.json wolves@0.0.0 No repository field.
npm WARN package.json wolves@0.0.0 No README data
npm ERR! Error: Attempt to unlock getconfig, which hasn't been locked
npm ERR!     at unlock (/usr/local/lib/node_modules/npm/lib/utils/locker.js:44:11)
npm ERR!     at cb (/usr/local/lib/node_modules/npm/lib/cache/add-local.js:30:5)
npm ERR!     at /usr/local/lib/node_modules/npm/lib/cache/add-local.js:47:20
npm ERR!     at /usr/local/lib/node_modules/npm/lib/utils/locker.js:30:7
npm ERR!     at /usr/local/lib/node_modules/npm/node_modules/lockfile/lockfile.js:167:38
npm ERR!     at OpenReq.Req.done (/usr/local/lib/node_modules/npm/node_modules/graceful-fs/graceful-fs.js:144:5)
npm ERR!     at OpenReq.done (/usr/local/lib/node_modules/npm/node_modules/graceful-fs/graceful-fs.js:64:22)
npm ERR!     at Object.oncomplete (fs.js:107:15)
npm ERR! If you need help, you may report this *entire* log,
npm ERR! including the npm and node versions, at:
npm ERR!     <http://github.com/npm/npm/issues>

npm ERR! System Darwin 13.3.0
npm ERR! command "/usr/local/bin/node" "/usr/local/bin/npm" "i" "--save" "getconfig"
npm ERR! cwd /Users/alex/Desktop/ItsAliveTraining/wolves
npm ERR! node -v v0.10.29
npm ERR! npm -v 1.4.14
npm ERR! 
npm ERR! Additional logging details can be found in:
npm ERR!     /Users/alex/Desktop/ItsAliveTraining/wolves/npm-debug.log
npm ERR! not ok code 0
Administrators-MacBook-Pro:wolves alex$ sudo npm i --save getconfig
Password:
npm WARN package.json wolves@0.0.0 No repository field.
npm WARN package.json wolves@0.0.0 No README data
getconfig@0.3.0 node_modules/getconfig
├── colors@0.6.2
└── alce@1.0.0 (estraverse@1.3.2, esprima@1.0.4)
Administrators-MacBook-Pro:wolves alex$ sudo npm i --save ampersand-view
npm WARN package.json wolves@0.0.0 No repository field.
npm WARN package.json wolves@0.0.0 No README data
ampersand-view@6.0.8 node_modules/ampersand-view
├── get-object-path@0.0.2
├── matches-selector@1.0.0
├── domify@1.3.0
├── underscore@1.6.0
├── ampersand-state@4.3.6 (array-next@0.0.1, key-tree-store@0.1.2, backbone-events-standalone@0.2.2)
├── component-classes@1.2.1 (component-indexof@0.0.3)
├── ampersand-collection-view@1.0.5 (backbone-events-standalone@0.2.2, ampersand-class-extend@1.0.0)
├── events-mixin@1.1.0 (component-event@0.1.4, delegate-events@1.1.0)
└── ampersand-dom-bindings@2.3.0 (ampersand-dom@1.2.1, is-array@1.0.1, key-tree-store@1.2.0)
Administrators-MacBook-Pro:wolves alex$ sudo npm i --save ampersand-model
npm WARN package.json wolves@0.0.0 No repository field.
npm WARN package.json wolves@0.0.0 No README data
ampersand-model@3.0.4 node_modules/ampersand-model
├── underscore@1.6.0
├── ampersand-state@4.3.6 (array-next@0.0.1, key-tree-store@0.1.2, backbone-events-standalone@0.2.2)
└── ampersand-sync@1.0.3 (qs@0.6.6, tap-spec@0.2.0, xhr@1.13.0)
Administrators-MacBook-Pro:wolves alex$ sudo npm i --save ampersand-router
npm WARN package.json wolves@0.0.0 No repository field.
npm WARN package.json wolves@0.0.0 No README data
ampersand-router@1.0.2 node_modules/ampersand-router
├── underscore@1.6.0
├── backbone-events-standalone@0.2.2
└── ampersand-class-extend@1.0.0 (extend-object@1.0.0)
Administrators-MacBook-Pro:wolves alex$ npm i --save domready
npm WARN package.json wolves@0.0.0 No repository field.
npm WARN package.json wolves@0.0.0 No README data
npm ERR! Error: Attempt to unlock domready, which hasn't been locked
npm ERR!     at unlock (/usr/local/lib/node_modules/npm/lib/utils/locker.js:44:11)
npm ERR!     at cb (/usr/local/lib/node_modules/npm/lib/cache/add-local.js:30:5)
npm ERR!     at /usr/local/lib/node_modules/npm/lib/cache/add-local.js:47:20
npm ERR!     at /usr/local/lib/node_modules/npm/lib/utils/locker.js:30:7
npm ERR!     at /usr/local/lib/node_modules/npm/node_modules/lockfile/lockfile.js:167:38
npm ERR!     at OpenReq.Req.done (/usr/local/lib/node_modules/npm/node_modules/graceful-fs/graceful-fs.js:144:5)
npm ERR!     at OpenReq.done (/usr/local/lib/node_modules/npm/node_modules/graceful-fs/graceful-fs.js:64:22)
npm ERR!     at Object.oncomplete (fs.js:107:15)
npm ERR! If you need help, you may report this *entire* log,
npm ERR! including the npm and node versions, at:
npm ERR!     <http://github.com/npm/npm/issues>

npm ERR! System Darwin 13.3.0
npm ERR! command "/usr/local/bin/node" "/usr/local/bin/npm" "i" "--save" "domready"
npm ERR! cwd /Users/alex/Desktop/ItsAliveTraining/wolves
npm ERR! node -v v0.10.29
npm ERR! npm -v 1.4.14
npm ERR! 
npm ERR! Additional logging details can be found in:
npm ERR!     /Users/alex/Desktop/ItsAliveTraining/wolves/npm-debug.log
npm ERR! not ok code 0
Administrators-MacBook-Pro:wolves alex$ sudo npm i --save domready
npm WARN package.json wolves@0.0.0 No repository field.
npm WARN package.json wolves@0.0.0 No README data
domready@1.0.5 node_modules/domready
Administrators-MacBook-Pro:wolves alex$ npm start
 
> wolves@0.0.0 start /Users/alex/Desktop/ItsAliveTraining/wolves
> node server.js

wolves running at http://localhost:8080
^CAdministrators-MacBook-Pro:wolves alex$ npm start
 
> wolves@0.0.0 start /Users/alex/Desktop/ItsAliveTraining/wolves
> node server.js

wolves running at http://localhost:8080
^CAdministrators-MacBook-Pro:wolves alex$ npm start
 
> wolves@0.0.0 start /Users/alex/Desktop/ItsAliveTraining/wolves
> node server.js

dev environment detected
wolves running at http://localhost:8080
^CAdministrators-MacBook-Pro:wolves alex$ npm start
 
> wolves@0.0.0 start /Users/alex/Desktop/ItsAliveTraining/wolves
> node server.js

dev environment detected
wolves running at http://localhost:8080
^CAdministrators-MacBook-Pro:wolves alex$ sudo npm i --save ampersand-view-switcher
Password:
npm WARN package.json wolves@0.0.0 No repository field.
npm WARN package.json wolves@0.0.0 No README data
ampersand-view-switcher@1.0.2 node_modules/ampersand-view-switcher
└── ampersand-view@4.2.3 (matches-selector@1.0.0, domify@1.3.0, backbone-events-standalone@0.2.2, underscore@1.6.0, ampersand-state@4.3.6, component-classes@1.2.1, events-mixin@1.1.0)
Administrators-MacBook-Pro:wolves alex$ npm start
 
> wolves@0.0.0 start /Users/alex/Desktop/ItsAliveTraining/wolves
> node server.js

dev environment detected
wolves running at http://localhost:8080
^CAdministrators-MacBook-Pro:wolves alex$ sudo npm i --save templatizer
Password:
npm WARN package.json wolves@0.0.0 No repository field.
npm WARN package.json wolves@0.0.0 No README data
templatizer@0.3.6 node_modules/templatizer
├── underscore@1.6.0
├── minimist@0.1.0
├── walkdir@0.0.7
├── esprima@1.2.2
├── falafel@0.3.1
├── escodegen@0.0.26 (estraverse@1.3.2, esprima@1.0.4, source-map@0.1.37)
├── uglify-js@2.4.15 (uglify-to-browserify@1.0.2, async@0.2.10, source-map@0.1.34, optimist@0.3.7)
└── jade@1.5.0 (character-parser@1.2.0, commander@2.1.0, constantinople@2.0.1, with@3.0.0, mkdirp@0.5.0, transformers@2.1.0, monocle@1.1.51)
Administrators-MacBook-Pro:wolves alex$ npm start
 
> wolves@0.0.0 start /Users/alex/Desktop/ItsAliveTraining/wolves
> node server.js

dev environment detected
wolves running at http://localhost:8080
|
